<?xml version="1.0" encoding="UTF-8"?>
<!-- Generated by org.testng.reporters.JUnitXMLReporter -->
<testsuite ignored="7" hostname="DESKTOP-M3ANAKJ" failures="0" tests="1" name="Default test" time="34.782" errors="0" timestamp="2024-06-14T12:37:59 AEST">
  <testcase classname="com.capstone.qa.testcases.FinancePageTest" name="performNewInvoice" time="21.897"/>
  <testcase classname="com.capstone.qa.testcases.FinancePageTest" name="performAddEstimate" time="0.0">
    <ignored/>
  </testcase> <!-- performAddEstimate -->
  <testcase classname="com.capstone.qa.testcases.FinancePageTest" name="performTakePaymentWithDateAndDeleteEstimatewithNoPayment" time="0.0">
    <ignored/>
  </testcase> <!-- performTakePaymentWithDateAndDeleteEstimatewithNoPayment -->
  <testcase classname="com.capstone.qa.testcases.FinancePageTest" name="estimateCreationWithNoDate" time="0.0">
    <ignored/>
  </testcase> <!-- estimateCreationWithNoDate -->
  <testcase classname="com.capstone.qa.testcases.FinancePageTest" name="performTakePaymentWithDateAndDeleteEstimatewithPayment" time="0.0">
    <ignored/>
  </testcase> <!-- performTakePaymentWithDateAndDeleteEstimatewithPayment -->
  <testcase classname="com.capstone.qa.testcases.FinancePageTest" name="emailValidation" time="0.0">
    <ignored/>
  </testcase> <!-- emailValidation -->
  <testcase classname="com.capstone.qa.testcases.FinancePageTest" name="performValidEstimateandInvoiceCreation" time="0.0">
    <ignored/>
  </testcase> <!-- performValidEstimateandInvoiceCreation -->
  <testcase classname="com.capstone.qa.testcases.FinancePageTest" name="performwebTable" time="0.0">
    <ignored/>
  </testcase> <!-- performwebTable -->
</testsuite> <!-- Default test -->
