<?xml version="1.0" encoding="UTF-8"?>
<testng-results ignored="2" total="3" passed="1" failed="0" skipped="0">
  <reporter-output>
  </reporter-output>
  <suite started-at="2024-05-17T12:15:51 AEST" name="Default suite" finished-at="2024-05-17T12:16:23 AEST" duration-ms="32231">
    <groups>
    </groups>
    <test started-at="2024-05-17T12:15:51 AEST" name="Default test" finished-at="2024-05-17T12:16:23 AEST" duration-ms="32231">
      <class name="com.capstone.qa.testcases.FinancePageTest">
        <test-method is-config="true" signature="setUp()[pri:0, instance:com.capstone.qa.testcases.FinancePageTest@4567f35d]" started-at="2024-05-17T12:15:51 AEST" name="setUp" finished-at="2024-05-17T12:16:06 AEST" duration-ms="15633" status="PASS">
          <reporter-output>
          </reporter-output>
        </test-method> <!-- setUp -->
        <test-method signature="performNewInvoice()[pri:0, instance:com.capstone.qa.testcases.FinancePageTest@4567f35d]" started-at="2024-05-17T12:16:06 AEST" name="performNewInvoice" finished-at="2024-05-17T12:16:23 AEST" duration-ms="16543" status="PASS">
          <reporter-output>
          </reporter-output>
        </test-method> <!-- performNewInvoice -->
      </class> <!-- com.capstone.qa.testcases.FinancePageTest -->
    </test> <!-- Default test -->
  </suite> <!-- Default suite -->
</testng-results>
